#
# There is insufficient memory for the Java Runtime Environment to continue.
# Native memory allocation (mmap) failed to map 134217728 bytes for Failed to commit area from 0x0000000081000000 to 0x0000000089000000 of length 134217728.
# Possible reasons:
#   The system is out of physical RAM or swap space
#   The process is running with CompressedOops enabled, and the Java Heap may be blocking the growth of the native heap
# Possible solutions:
#   Reduce memory load on the system
#   Increase physical memory or swap space
#   Check if swap backing store is full
#   Decrease Java heap size (-Xmx/-Xms)
#   Decrease number of Java threads
#   Decrease Java thread stack sizes (-Xss)
#   Set larger code cache with -XX:ReservedCodeCacheSize=
#   JVM is running with Unscaled Compressed Oops mode in which the Java heap is
#     placed in the first 4GB address space. The Java Heap base address is the
#     maximum limit for the native heap growth. Please use -XX:HeapBaseMinAddress
#     to set the Java Heap base and to place the Java Heap above 4GB virtual address.
# This output file may be truncated or incomplete.
#
#  Out of Memory Error (./open/src/hotspot/os/windows/os_windows.cpp:3315), pid=21908, tid=22508
#
# JRE version:  (14.0.2+12) (build )
# Java VM: Java HotSpot(TM) 64-Bit Server VM (14.0.2+12-46, mixed mode, sharing, tiered, compressed oops, g1 gc, windows-amd64)
# No core dump will be written. Minidumps are not enabled by default on client versions of Windows
#

---------------  S U M M A R Y ------------

Command Line: -Dfile.encoding=Cp1252 PigLatin

Host: Intel(R) Core(TM) i5-3320M CPU @ 2.60GHz, 4 cores, 7G,  Windows 10 , 64 bit Build 18362 (10.0.18362.959)
Time: Sun Jul 26 23:17:18 2020 Eastern Daylight Time elapsed time: 0 seconds (0d 0h 0m 0s)

---------------  T H R E A D  ---------------

Current thread (0x000001ffe67ab800):  JavaThread "Unknown thread" [_thread_in_vm, id=22508, stack(0x0000007367000000,0x0000007367100000)]

Stack: [0x0000007367000000,0x0000007367100000]
Native frames: (J=compiled Java code, j=interpreted, Vv=VM code, C=native code)
V  [jvm.dll+0x5f8a9a]
V  [jvm.dll+0x74247a]
V  [jvm.dll+0x743c2f]
V  [jvm.dll+0x744273]
V  [jvm.dll+0x20d288]
V  [jvm.dll+0x5f5dea]
V  [jvm.dll+0x5eac45]
V  [jvm.dll+0x2c7e9c]
V  [jvm.dll+0x2c7cd2]
V  [jvm.dll+0x2cdbbc]
V  [jvm.dll+0x313fe8]
V  [jvm.dll+0x313710]
V  [jvm.dll+0x2a092a]
V  [jvm.dll+0x2a1a79]
V  [jvm.dll+0x71fd48]
V  [jvm.dll+0x321c14]
V  [jvm.dll+0x70112c]
V  [jvm.dll+0x392def]
V  [jvm.dll+0x394e61]
C  [jli.dll+0x524b]
C  [ucrtbase.dll+0x20e82]
C  [KERNEL32.DLL+0x17bd4]
C  [ntdll.dll+0x6ce51]


---------------  P R O C E S S  ---------------

Threads class SMR info:
_java_thread_list=0x00007ff907923038, length=0, elements={
}

Java Threads: ( => current thread )

Other Threads:
  0x000001ffe67ed000 GCTaskThread "GC Thread#0" [stack: 0x0000007367100000,0x0000007367200000] [id=20360]
  0x000001ffe6801000 ConcurrentGCThread "G1 Main Marker" [stack: 0x0000007367200000,0x0000007367300000] [id=22656]
  0x000001ffe6804800 ConcurrentGCThread "G1 Conc#0" [stack: 0x0000007367300000,0x0000007367400000] [id=19496]

[error occurred during error reporting (printing all threads), id 0xc0000005, EXCEPTION_ACCESS_VIOLATION (0xc0000005) at pc=0x00007ff907151257]

VM state:not at safepoint (not fully initialized)

VM Mutex/Monitor currently owned by a thread:  ([mutex/lock_event])
[0x000001ffe67a78b0] Heap_lock - owner thread: 0x000001ffe67ab800

Heap address: 0x0000000081000000, size: 2032 MB, Compressed Oops mode: 32-bit
Narrow klass base: 0x0000000000000000, Narrow klass shift: 0

GC Heap History (0 events):
No events

Deoptimization events (0 events):
No events

Classes unloaded (0 events):
No events

Classes redefined (0 events):
No events

Internal exceptions (0 events):
No events

Events (2 events):
Event: 0.010 Loaded shared library C:\Program Files\Java\jdk-14.0.2\bin\java.dll
Event: 0.011 Loaded shared library C:\Program Files\Java\jdk-14.0.2\bin\zip.dll


Dynamic libraries:
0x00007ff7b7630000 - 0x00007ff7b763f000 	C:\Program Files\Java\jdk-14.0.2\bin\javaw.exe
0x00007ff9384e0000 - 0x00007ff9386d0000 	C:\WINDOWS\SYSTEM32\ntdll.dll
0x00007ff9365d0000 - 0x00007ff936682000 	C:\WINDOWS\System32\KERNEL32.DLL
0x00007ff935860000 - 0x00007ff935b04000 	C:\WINDOWS\System32\KERNELBASE.dll
0x00007ff935460000 - 0x00007ff93555a000 	C:\WINDOWS\System32\ucrtbase.dll
0x00007ff92e760000 - 0x00007ff92e778000 	C:\Program Files\Java\jdk-14.0.2\bin\jli.dll
0x00007ff91e950000 - 0x00007ff91e965000 	C:\Program Files\Java\jdk-14.0.2\bin\VCRUNTIME140.dll
0x00007ff937280000 - 0x00007ff937323000 	C:\WINDOWS\System32\ADVAPI32.dll
0x00007ff938130000 - 0x00007ff9381ce000 	C:\WINDOWS\System32\msvcrt.dll
0x00007ff936db0000 - 0x00007ff936e47000 	C:\WINDOWS\System32\sechost.dll
0x00007ff937fa0000 - 0x00007ff9380c0000 	C:\WINDOWS\System32\RPCRT4.dll
0x00007ff938250000 - 0x00007ff9383e4000 	C:\WINDOWS\System32\USER32.dll
0x00007ff935b70000 - 0x00007ff935b91000 	C:\WINDOWS\System32\win32u.dll
0x00007ff936590000 - 0x00007ff9365b6000 	C:\WINDOWS\System32\GDI32.dll
0x00007ff926af0000 - 0x00007ff926d74000 	C:\WINDOWS\WinSxS\amd64_microsoft.windows.common-controls_6595b64144ccf1df_6.0.18362.959_none_e6c7bbbf130c62bb\COMCTL32.dll
0x00007ff936350000 - 0x00007ff9364e6000 	C:\WINDOWS\System32\gdi32full.dll
0x00007ff936e60000 - 0x00007ff937195000 	C:\WINDOWS\System32\combase.dll
0x00007ff9364f0000 - 0x00007ff93658e000 	C:\WINDOWS\System32\msvcp_win.dll
0x00007ff9357e0000 - 0x00007ff935860000 	C:\WINDOWS\System32\bcryptPrimitives.dll
0x00007ff927d40000 - 0x00007ff927d4a000 	C:\WINDOWS\SYSTEM32\VERSION.dll
0x00007ff937d60000 - 0x00007ff937d8e000 	C:\WINDOWS\System32\IMM32.DLL
0x00007ff9210f0000 - 0x00007ff92118b000 	C:\Program Files\Java\jdk-14.0.2\bin\msvcp140.dll
0x00007ff906ea0000 - 0x00007ff9079be000 	C:\Program Files\Java\jdk-14.0.2\bin\server\jvm.dll
0x00007ff936e50000 - 0x00007ff936e58000 	C:\WINDOWS\System32\PSAPI.DLL
0x00007ff922c30000 - 0x00007ff922c39000 	C:\WINDOWS\SYSTEM32\WSOCK32.dll
0x00007ff932f20000 - 0x00007ff932f44000 	C:\WINDOWS\SYSTEM32\WINMM.dll
0x00007ff937210000 - 0x00007ff93727f000 	C:\WINDOWS\System32\WS2_32.dll
0x00007ff932dc0000 - 0x00007ff932ded000 	C:\WINDOWS\SYSTEM32\WINMMBASE.dll
0x00007ff935590000 - 0x00007ff9355da000 	C:\WINDOWS\System32\cfgmgr32.dll
0x00007ff9353a0000 - 0x00007ff9353b1000 	C:\WINDOWS\System32\kernel.appcore.dll
0x00007ff921640000 - 0x00007ff92164a000 	C:\Program Files\Java\jdk-14.0.2\bin\jimage.dll
0x00007ff92ea60000 - 0x00007ff92ec54000 	C:\WINDOWS\SYSTEM32\DBGHELP.DLL
0x00007ff92e720000 - 0x00007ff92e74a000 	C:\WINDOWS\SYSTEM32\dbgcore.DLL
0x00007ff91c160000 - 0x00007ff91c185000 	C:\Program Files\Java\jdk-14.0.2\bin\java.dll
0x00007ff91d530000 - 0x00007ff91d546000 	C:\Program Files\Java\jdk-14.0.2\bin\zip.dll

dbghelp: loaded successfully - version: 4.0.5 - missing functions: none
symbol engine: initialized successfully - sym options: 0x614 - pdb path: .;C:\Program Files\Java\jdk-14.0.2\bin;C:\WINDOWS\SYSTEM32;C:\WINDOWS\WinSxS\amd64_microsoft.windows.common-controls_6595b64144ccf1df_6.0.18362.959_none_e6c7bbbf130c62bb;C:\Program Files\Java\jdk-14.0.2\bin\server

VM Arguments:
jvm_args: -Dfile.encoding=Cp1252 
java_command: PigLatin
java_class_path (initial): C:\Users\Satish\eclipse-workspace\Capstone\bin
Launcher Type: SUN_STANDARD

[Global flags]
     intx CICompilerCount                          = 3                                         {product} {ergonomic}
     uint ConcGCThreads                            = 1                                         {product} {ergonomic}
     uint G1ConcRefinementThreads                  = 4                                         {product} {ergonomic}
   size_t G1HeapRegionSize                         = 1048576                                   {product} {ergonomic}
    uintx GCDrainStackTargetSize                   = 64                                        {product} {ergonomic}
   size_t InitialHeapSize                          = 134217728                                 {product} {ergonomic}
   size_t MarkStackSize                            = 4194304                                   {product} {ergonomic}
   size_t MaxHeapSize                              = 2130706432                                {product} {ergonomic}
   size_t MinHeapDeltaBytes                        = 1048576                                   {product} {ergonomic}
   size_t MinHeapSize                              = 8388608                                   {product} {ergonomic}
    uintx NonNMethodCodeHeapSize                   = 5832780                                {pd product} {ergonomic}
    uintx NonProfiledCodeHeapSize                  = 122912730                              {pd product} {ergonomic}
    uintx ProfiledCodeHeapSize                     = 122912730                              {pd product} {ergonomic}
    uintx ReservedCodeCacheSize                    = 251658240                              {pd product} {ergonomic}
     bool SegmentedCodeCache                       = true                                      {product} {ergonomic}
   size_t SoftMaxHeapSize                          = 2130706432                             {manageable} {ergonomic}
     bool UseCompressedClassPointers               = true                                 {lp64_product} {ergonomic}
     bool UseCompressedOops                        = true                                 {lp64_product} {ergonomic}
     bool UseG1GC                                  = true                                      {product} {ergonomic}
     bool UseLargePagesIndividualAllocation        = false                                  {pd product} {ergonomic}

Logging:
Log output configuration:
 #0: stdout all=warning uptime,level,tags
 #1: stderr all=off uptime,level,tags

Environment Variables:
PATH=C:/Program Files/Java/jdk-14.0.2/bin/server;C:/Program Files/Java/jdk-14.0.2/bin;C:\WINDOWS\system32;C:\WINDOWS;C:\WINDOWS\System32\Wbem;C:\WINDOWS\System32\WindowsPowerShell\v1.0\;C:\WINDOWS\System32\OpenSSH\;C:\Program Files\Git\cmd;C:\Users\Satish\AppData\Local\Microsoft\WindowsApps;C:\Program Files\Java\jdk-14.0.2\bin;;C:\Users\Satish\Desktop;
USERNAME=Satish
OS=Windows_NT
PROCESSOR_IDENTIFIER=Intel64 Family 6 Model 58 Stepping 9, GenuineIntel



---------------  S Y S T E M  ---------------

OS: Windows 10 , 64 bit Build 18362 (10.0.18362.959)
OS uptime: 0 days 8:59 hours

CPU:total 4 (initial active 4) (2 cores per cpu, 2 threads per core) family 6 model 58 stepping 9, cmov, cx8, fxsr, mmx, sse, sse2, sse3, ssse3, sse4.1, sse4.2, popcnt, avx, aes, clmul, erms, ht, tsc, tscinvbit, tscinv

Memory: 4k page, system-wide physical 8124M (3850M free)
TotalPageFile size 32700M (AvailPageFile size 124M)
current process WorkingSet (physical memory assigned to process): 10M, peak: 10M
current process commit charge ("private bytes"): 52M, peak: 180M

vm_info: Java HotSpot(TM) 64-Bit Server VM (14.0.2+12-46) for windows-amd64 JRE (14.0.2+12-46), built on Jul  9 2020 00:35:52 by "mach5one" with MS VC++ 15.9 (VS2017)

END.
